[INFO] [2016-09-01 16:23:22][org.springframework.web.context.ContextLoader]Root WebApplicationContext: initialization started
[INFO] [2016-09-01 16:23:22][org.springframework.web.context.support.XmlWebApplicationContext]Refreshing Root WebApplicationContext: startup date [Thu Sep 01 16:23:22 CST 2016]; root of context hierarchy
[INFO] [2016-09-01 16:23:22][org.springframework.beans.factory.xml.XmlBeanDefinitionReader]Loading XML bean definitions from class path resource [spring-mybatis.xml]
[INFO] [2016-09-01 16:23:22][org.springframework.beans.factory.config.PropertyPlaceholderConfigurer]Loading properties file from class path resource [jdbc.properties]
[INFO] [2016-09-01 16:23:22][org.springframework.beans.factory.annotation.AutowiredAnnotationBeanPostProcessor]JSR-330 'javax.inject.Inject' annotation found and supported for autowiring
[INFO] [2016-09-01 16:23:23][org.springframework.web.context.ContextLoader]Root WebApplicationContext: initialization completed in 845 ms
[INFO] [2016-09-01 16:23:23][org.springframework.web.servlet.DispatcherServlet]FrameworkServlet 'SpringMVC': initialization started
[INFO] [2016-09-01 16:23:23][org.springframework.web.context.support.XmlWebApplicationContext]Refreshing WebApplicationContext for namespace 'SpringMVC-servlet': startup date [Thu Sep 01 16:23:23 CST 2016]; parent: Root WebApplicationContext
[INFO] [2016-09-01 16:23:23][org.springframework.beans.factory.xml.XmlBeanDefinitionReader]Loading XML bean definitions from class path resource [spring-mvc.xml]
[INFO] [2016-09-01 16:23:23][org.springframework.beans.factory.annotation.AutowiredAnnotationBeanPostProcessor]JSR-330 'javax.inject.Inject' annotation found and supported for autowiring
[INFO] [2016-09-01 16:23:23][org.hibernate.validator.internal.util.Version]HV000001: Hibernate Validator 5.1.3.Final
[INFO] [2016-09-01 16:23:24][org.springframework.web.servlet.handler.SimpleUrlHandlerMapping]Mapped URL path [/**] onto handler 'org.springframework.web.servlet.resource.DefaultServletHttpRequestHandler#0'
[INFO] [2016-09-01 16:23:24][org.springframework.web.servlet.DispatcherServlet]FrameworkServlet 'SpringMVC': initialization completed in 1051 ms
[INFO] [2016-09-01 16:24:06][org.springframework.web.context.ContextLoader]Root WebApplicationContext: initialization started
[INFO] [2016-09-01 16:24:06][org.springframework.web.context.support.XmlWebApplicationContext]Refreshing Root WebApplicationContext: startup date [Thu Sep 01 16:24:06 CST 2016]; root of context hierarchy
[INFO] [2016-09-01 16:24:06][org.springframework.beans.factory.xml.XmlBeanDefinitionReader]Loading XML bean definitions from class path resource [spring-mybatis.xml]
[INFO] [2016-09-01 16:24:07][org.springframework.beans.factory.config.PropertyPlaceholderConfigurer]Loading properties file from class path resource [jdbc.properties]
[INFO] [2016-09-01 16:24:07][org.springframework.beans.factory.annotation.AutowiredAnnotationBeanPostProcessor]JSR-330 'javax.inject.Inject' annotation found and supported for autowiring
[INFO] [2016-09-01 16:24:07][org.springframework.web.context.ContextLoader]Root WebApplicationContext: initialization completed in 922 ms
[INFO] [2016-09-01 16:24:07][org.springframework.web.servlet.DispatcherServlet]FrameworkServlet 'SpringMVC': initialization started
[INFO] [2016-09-01 16:24:07][org.springframework.web.context.support.XmlWebApplicationContext]Refreshing WebApplicationContext for namespace 'SpringMVC-servlet': startup date [Thu Sep 01 16:24:07 CST 2016]; parent: Root WebApplicationContext
[INFO] [2016-09-01 16:24:07][org.springframework.beans.factory.xml.XmlBeanDefinitionReader]Loading XML bean definitions from class path resource [spring-mvc.xml]
[INFO] [2016-09-01 16:24:07][org.springframework.beans.factory.annotation.AutowiredAnnotationBeanPostProcessor]JSR-330 'javax.inject.Inject' annotation found and supported for autowiring
[INFO] [2016-09-01 16:24:08][org.hibernate.validator.internal.util.Version]HV000001: Hibernate Validator 5.1.3.Final
[INFO] [2016-09-01 16:24:08][org.springframework.web.servlet.handler.SimpleUrlHandlerMapping]Mapped URL path [/**] onto handler 'org.springframework.web.servlet.resource.DefaultServletHttpRequestHandler#0'
[INFO] [2016-09-01 16:24:08][org.springframework.web.servlet.DispatcherServlet]FrameworkServlet 'SpringMVC': initialization completed in 1059 ms
[INFO] [2016-09-01 16:36:41][org.springframework.web.context.ContextLoader]Root WebApplicationContext: initialization started
[INFO] [2016-09-01 16:36:41][org.springframework.web.context.support.XmlWebApplicationContext]Refreshing Root WebApplicationContext: startup date [Thu Sep 01 16:36:41 CST 2016]; root of context hierarchy
[INFO] [2016-09-01 16:36:41][org.springframework.beans.factory.xml.XmlBeanDefinitionReader]Loading XML bean definitions from class path resource [spring-mybatis.xml]
[INFO] [2016-09-01 16:36:42][org.springframework.beans.factory.config.PropertyPlaceholderConfigurer]Loading properties file from class path resource [jdbc.properties]
[INFO] [2016-09-01 16:36:42][org.springframework.beans.factory.annotation.AutowiredAnnotationBeanPostProcessor]JSR-330 'javax.inject.Inject' annotation found and supported for autowiring
[INFO] [2016-09-01 16:36:42][org.springframework.web.context.ContextLoader]Root WebApplicationContext: initialization completed in 1485 ms
[INFO] [2016-09-01 16:36:42][org.springframework.web.servlet.DispatcherServlet]FrameworkServlet 'SpringMVC': initialization started
[INFO] [2016-09-01 16:36:42][org.springframework.web.context.support.XmlWebApplicationContext]Refreshing WebApplicationContext for namespace 'SpringMVC-servlet': startup date [Thu Sep 01 16:36:42 CST 2016]; parent: Root WebApplicationContext
[INFO] [2016-09-01 16:36:42][org.springframework.beans.factory.xml.XmlBeanDefinitionReader]Loading XML bean definitions from class path resource [spring-mvc.xml]
[INFO] [2016-09-01 16:36:42][org.springframework.beans.factory.annotation.AutowiredAnnotationBeanPostProcessor]JSR-330 'javax.inject.Inject' annotation found and supported for autowiring
[INFO] [2016-09-01 16:36:43][org.springframework.web.servlet.mvc.method.annotation.RequestMappingHandlerMapping]Mapped "{[/stu/showAllStu],methods=[],params=[],headers=[],consumes=[],produces=[],custom=[]}" onto public java.lang.String com.springmvc.controller.StudentController.showAllStu(javax.servlet.http.HttpServletRequest,org.springframework.ui.Model)
[INFO] [2016-09-01 16:36:43][org.hibernate.validator.internal.util.Version]HV000001: Hibernate Validator 5.1.3.Final
[INFO] [2016-09-01 16:36:43][org.springframework.web.servlet.handler.SimpleUrlHandlerMapping]Mapped URL path [/**] onto handler 'org.springframework.web.servlet.resource.DefaultServletHttpRequestHandler#0'
[INFO] [2016-09-01 16:36:43][org.springframework.web.servlet.DispatcherServlet]FrameworkServlet 'SpringMVC': initialization completed in 917 ms
[INFO] [2016-09-01 17:06:24][org.springframework.web.context.ContextLoader]Root WebApplicationContext: initialization started
[INFO] [2016-09-01 17:06:24][org.springframework.web.context.support.XmlWebApplicationContext]Refreshing Root WebApplicationContext: startup date [Thu Sep 01 17:06:24 CST 2016]; root of context hierarchy
[INFO] [2016-09-01 17:06:24][org.springframework.beans.factory.xml.XmlBeanDefinitionReader]Loading XML bean definitions from class path resource [spring-mybatis.xml]
[INFO] [2016-09-01 17:06:24][org.springframework.beans.factory.config.PropertyPlaceholderConfigurer]Loading properties file from class path resource [jdbc.properties]
[INFO] [2016-09-01 17:06:24][org.springframework.beans.factory.annotation.AutowiredAnnotationBeanPostProcessor]JSR-330 'javax.inject.Inject' annotation found and supported for autowiring
[INFO] [2016-09-01 17:06:25][org.springframework.web.context.ContextLoader]Root WebApplicationContext: initialization completed in 1299 ms
[INFO] [2016-09-01 17:06:25][org.springframework.web.servlet.DispatcherServlet]FrameworkServlet 'SpringMVC': initialization started
[INFO] [2016-09-01 17:06:25][org.springframework.web.context.support.XmlWebApplicationContext]Refreshing WebApplicationContext for namespace 'SpringMVC-servlet': startup date [Thu Sep 01 17:06:25 CST 2016]; parent: Root WebApplicationContext
[INFO] [2016-09-01 17:06:25][org.springframework.beans.factory.xml.XmlBeanDefinitionReader]Loading XML bean definitions from class path resource [spring-mvc.xml]
[INFO] [2016-09-01 17:06:25][org.springframework.beans.factory.annotation.AutowiredAnnotationBeanPostProcessor]JSR-330 'javax.inject.Inject' annotation found and supported for autowiring
[INFO] [2016-09-01 17:06:26][org.springframework.web.servlet.mvc.method.annotation.RequestMappingHandlerMapping]Mapped "{[/stu/showAllStu],methods=[],params=[],headers=[],consumes=[],produces=[],custom=[]}" onto public java.lang.String com.springmvc.controller.StudentController.showAllStu(javax.servlet.http.HttpServletRequest,org.springframework.ui.Model)
[INFO] [2016-09-01 17:06:26][org.hibernate.validator.internal.util.Version]HV000001: Hibernate Validator 5.1.3.Final
[INFO] [2016-09-01 17:06:26][org.springframework.web.servlet.handler.SimpleUrlHandlerMapping]Mapped URL path [/**] onto handler 'org.springframework.web.servlet.resource.DefaultServletHttpRequestHandler#0'
[INFO] [2016-09-01 17:06:26][org.springframework.web.servlet.DispatcherServlet]FrameworkServlet 'SpringMVC': initialization completed in 1166 ms
[INFO] [2016-09-18 16:26:37][org.springframework.web.context.ContextLoader]Root WebApplicationContext: initialization started
[INFO] [2016-09-18 16:26:37][org.springframework.web.context.support.XmlWebApplicationContext]Refreshing Root WebApplicationContext: startup date [Sun Sep 18 16:26:37 CST 2016]; root of context hierarchy
[INFO] [2016-09-18 16:26:37][org.springframework.beans.factory.xml.XmlBeanDefinitionReader]Loading XML bean definitions from class path resource [spring-hibernate.xml]
[ERROR] [2016-09-18 16:26:38][org.springframework.web.context.ContextLoader]Context initialization failed
org.springframework.beans.factory.xml.XmlBeanDefinitionStoreException: Line 14 in XML document from class path resource [spring-hibernate.xml] is invalid; nested exception is org.xml.sax.SAXParseException; lineNumber: 14; columnNumber: 75; 元素 "context:property-placeholder" 的前缀 "context" 未绑定。
	at org.springframework.beans.factory.xml.XmlBeanDefinitionReader.doLoadBeanDefinitions(XmlBeanDefinitionReader.java:398)
	at org.springframework.beans.factory.xml.XmlBeanDefinitionReader.loadBeanDefinitions(XmlBeanDefinitionReader.java:335)
	at org.springframework.beans.factory.xml.XmlBeanDefinitionReader.loadBeanDefinitions(XmlBeanDefinitionReader.java:303)
	at org.springframework.beans.factory.support.AbstractBeanDefinitionReader.loadBeanDefinitions(AbstractBeanDefinitionReader.java:180)
	at org.springframework.beans.factory.support.AbstractBeanDefinitionReader.loadBeanDefinitions(AbstractBeanDefinitionReader.java:216)
	at org.springframework.beans.factory.support.AbstractBeanDefinitionReader.loadBeanDefinitions(AbstractBeanDefinitionReader.java:187)
	at org.springframework.web.context.support.XmlWebApplicationContext.loadBeanDefinitions(XmlWebApplicationContext.java:125)
	at org.springframework.web.context.support.XmlWebApplicationContext.loadBeanDefinitions(XmlWebApplicationContext.java:94)
	at org.springframework.context.support.AbstractRefreshableApplicationContext.refreshBeanFactory(AbstractRefreshableApplicationContext.java:129)
	at org.springframework.context.support.AbstractApplicationContext.obtainFreshBeanFactory(AbstractApplicationContext.java:540)
	at org.springframework.context.support.AbstractApplicationContext.refresh(AbstractApplicationContext.java:454)
	at org.springframework.web.context.ContextLoader.configureAndRefreshWebApplicationContext(ContextLoader.java:403)
	at org.springframework.web.context.ContextLoader.initWebApplicationContext(ContextLoader.java:306)
	at org.springframework.web.context.ContextLoaderListener.contextInitialized(ContextLoaderListener.java:106)
	at org.apache.catalina.core.StandardContext.listenerStart(StandardContext.java:4939)
	at org.apache.catalina.core.StandardContext.startInternal(StandardContext.java:5434)
	at org.apache.catalina.util.LifecycleBase.start(LifecycleBase.java:150)
	at org.apache.catalina.core.ContainerBase$StartChild.call(ContainerBase.java:1559)
	at org.apache.catalina.core.ContainerBase$StartChild.call(ContainerBase.java:1549)
	at java.util.concurrent.FutureTask.run(FutureTask.java:266)
	at java.util.concurrent.ThreadPoolExecutor.runWorker(ThreadPoolExecutor.java:1142)
	at java.util.concurrent.ThreadPoolExecutor$Worker.run(ThreadPoolExecutor.java:617)
	at java.lang.Thread.run(Thread.java:745)
Caused by: org.xml.sax.SAXParseException; lineNumber: 14; columnNumber: 75; 元素 "context:property-placeholder" 的前缀 "context" 未绑定。
	at com.sun.org.apache.xerces.internal.util.ErrorHandlerWrapper.createSAXParseException(ErrorHandlerWrapper.java:203)
	at com.sun.org.apache.xerces.internal.util.ErrorHandlerWrapper.fatalError(ErrorHandlerWrapper.java:177)
	at com.sun.org.apache.xerces.internal.impl.XMLErrorReporter.reportError(XMLErrorReporter.java:400)
	at com.sun.org.apache.xerces.internal.impl.XMLErrorReporter.reportError(XMLErrorReporter.java:327)
	at com.sun.org.apache.xerces.internal.impl.XMLErrorReporter.reportError(XMLErrorReporter.java:284)
	at com.sun.org.apache.xerces.internal.impl.XMLNSDocumentScannerImpl.scanStartElement(XMLNSDocumentScannerImpl.java:290)
	at com.sun.org.apache.xerces.internal.impl.XMLDocumentFragmentScannerImpl$FragmentContentDriver.next(XMLDocumentFragmentScannerImpl.java:2787)
	at com.sun.org.apache.xerces.internal.impl.XMLDocumentScannerImpl.next(XMLDocumentScannerImpl.java:606)
	at com.sun.org.apache.xerces.internal.impl.XMLNSDocumentScannerImpl.next(XMLNSDocumentScannerImpl.java:118)
	at com.sun.org.apache.xerces.internal.impl.XMLDocumentFragmentScannerImpl.scanDocument(XMLDocumentFragmentScannerImpl.java:510)
	at com.sun.org.apache.xerces.internal.parsers.XML11Configuration.parse(XML11Configuration.java:848)
	at com.sun.org.apache.xerces.internal.parsers.XML11Configuration.parse(XML11Configuration.java:777)
	at com.sun.org.apache.xerces.internal.parsers.XMLParser.parse(XMLParser.java:141)
	at com.sun.org.apache.xerces.internal.parsers.DOMParser.parse(DOMParser.java:243)
	at com.sun.org.apache.xerces.internal.jaxp.DocumentBuilderImpl.parse(DocumentBuilderImpl.java:339)
	at org.springframework.beans.factory.xml.DefaultDocumentLoader.loadDocument(DefaultDocumentLoader.java:76)
	at org.springframework.beans.factory.xml.XmlBeanDefinitionReader.doLoadDocument(XmlBeanDefinitionReader.java:428)
	at org.springframework.beans.factory.xml.XmlBeanDefinitionReader.doLoadBeanDefinitions(XmlBeanDefinitionReader.java:390)
	... 22 more
[INFO] [2016-09-18 16:26:38][org.springframework.web.context.support.XmlWebApplicationContext]Closing Root WebApplicationContext: startup date [Sun Sep 18 16:26:37 CST 2016]; root of context hierarchy
[WARN] [2016-09-18 16:26:38][org.springframework.web.context.support.XmlWebApplicationContext]Exception thrown from ApplicationListener handling ContextClosedEvent
java.lang.IllegalStateException: ApplicationEventMulticaster not initialized - call 'refresh' before multicasting events via the context: Root WebApplicationContext: startup date [Sun Sep 18 16:26:37 CST 2016]; root of context hierarchy
	at org.springframework.context.support.AbstractApplicationContext.getApplicationEventMulticaster(AbstractApplicationContext.java:346)
	at org.springframework.context.support.AbstractApplicationContext.publishEvent(AbstractApplicationContext.java:333)
	at org.springframework.context.support.AbstractApplicationContext.doClose(AbstractApplicationContext.java:880)
	at org.springframework.context.support.AbstractApplicationContext.close(AbstractApplicationContext.java:841)
	at org.springframework.web.context.ContextLoader.closeWebApplicationContext(ContextLoader.java:579)
	at org.springframework.web.context.ContextLoaderListener.contextDestroyed(ContextLoaderListener.java:115)
	at org.apache.catalina.core.StandardContext.listenerStop(StandardContext.java:4980)
	at org.apache.catalina.core.StandardContext.stopInternal(StandardContext.java:5626)
	at org.apache.catalina.util.LifecycleBase.stop(LifecycleBase.java:232)
	at org.apache.catalina.util.LifecycleBase.start(LifecycleBase.java:160)
	at org.apache.catalina.core.ContainerBase$StartChild.call(ContainerBase.java:1559)
	at org.apache.catalina.core.ContainerBase$StartChild.call(ContainerBase.java:1549)
	at java.util.concurrent.FutureTask.run(FutureTask.java:266)
	at java.util.concurrent.ThreadPoolExecutor.runWorker(ThreadPoolExecutor.java:1142)
	at java.util.concurrent.ThreadPoolExecutor$Worker.run(ThreadPoolExecutor.java:617)
	at java.lang.Thread.run(Thread.java:745)
[WARN] [2016-09-18 16:26:39][org.springframework.web.context.support.XmlWebApplicationContext]Exception thrown from LifecycleProcessor on context close
java.lang.IllegalStateException: LifecycleProcessor not initialized - call 'refresh' before invoking lifecycle methods via the context: Root WebApplicationContext: startup date [Sun Sep 18 16:26:37 CST 2016]; root of context hierarchy
	at org.springframework.context.support.AbstractApplicationContext.getLifecycleProcessor(AbstractApplicationContext.java:359)
	at org.springframework.context.support.AbstractApplicationContext.doClose(AbstractApplicationContext.java:888)
	at org.springframework.context.support.AbstractApplicationContext.close(AbstractApplicationContext.java:841)
	at org.springframework.web.context.ContextLoader.closeWebApplicationContext(ContextLoader.java:579)
	at org.springframework.web.context.ContextLoaderListener.contextDestroyed(ContextLoaderListener.java:115)
	at org.apache.catalina.core.StandardContext.listenerStop(StandardContext.java:4980)
	at org.apache.catalina.core.StandardContext.stopInternal(StandardContext.java:5626)
	at org.apache.catalina.util.LifecycleBase.stop(LifecycleBase.java:232)
	at org.apache.catalina.util.LifecycleBase.start(LifecycleBase.java:160)
	at org.apache.catalina.core.ContainerBase$StartChild.call(ContainerBase.java:1559)
	at org.apache.catalina.core.ContainerBase$StartChild.call(ContainerBase.java:1549)
	at java.util.concurrent.FutureTask.run(FutureTask.java:266)
	at java.util.concurrent.ThreadPoolExecutor.runWorker(ThreadPoolExecutor.java:1142)
	at java.util.concurrent.ThreadPoolExecutor$Worker.run(ThreadPoolExecutor.java:617)
	at java.lang.Thread.run(Thread.java:745)
[INFO] [2016-09-18 16:29:59][org.springframework.web.context.ContextLoader]Root WebApplicationContext: initialization started
[INFO] [2016-09-18 16:29:59][org.springframework.web.context.support.XmlWebApplicationContext]Refreshing Root WebApplicationContext: startup date [Sun Sep 18 16:29:59 CST 2016]; root of context hierarchy
[INFO] [2016-09-18 16:29:59][org.springframework.beans.factory.xml.XmlBeanDefinitionReader]Loading XML bean definitions from class path resource [spring.xml]
[INFO] [2016-09-18 16:30:01][org.springframework.beans.factory.xml.XmlBeanDefinitionReader]Loading XML bean definitions from class path resource [spring-hibernate.xml]
[INFO] [2016-09-18 16:30:03][org.springframework.context.support.PropertySourcesPlaceholderConfigurer]Loading properties file from class path resource [hibernate.properties]
[INFO] [2016-09-18 16:30:03][org.springframework.beans.factory.annotation.AutowiredAnnotationBeanPostProcessor]JSR-330 'javax.inject.Inject' annotation found and supported for autowiring
[ERROR] [2016-09-18 16:30:03][org.springframework.web.context.ContextLoader]Context initialization failed
org.springframework.beans.factory.CannotLoadBeanClassException: Cannot find class [com.mchange.v2.c3p0.ComboPooledDataSource] for bean with name 'dataSource' defined in class path resource [spring-hibernate.xml]; nested exception is java.lang.ClassNotFoundException: com.mchange.v2.c3p0.ComboPooledDataSource
	at org.springframework.beans.factory.support.AbstractBeanFactory.resolveBeanClass(AbstractBeanFactory.java:1327)
	at org.springframework.beans.factory.support.AbstractAutowireCapableBeanFactory.predictBeanType(AbstractAutowireCapableBeanFactory.java:594)
	at org.springframework.beans.factory.support.AbstractBeanFactory.isFactoryBean(AbstractBeanFactory.java:1396)
	at org.springframework.beans.factory.support.AbstractBeanFactory.isFactoryBean(AbstractBeanFactory.java:959)
	at org.springframework.beans.factory.support.DefaultListableBeanFactory.preInstantiateSingletons(DefaultListableBeanFactory.java:680)
	at org.springframework.context.support.AbstractApplicationContext.finishBeanFactoryInitialization(AbstractApplicationContext.java:760)
	at org.springframework.context.support.AbstractApplicationContext.refresh(AbstractApplicationContext.java:482)
	at org.springframework.web.context.ContextLoader.configureAndRefreshWebApplicationContext(ContextLoader.java:403)
	at org.springframework.web.context.ContextLoader.initWebApplicationContext(ContextLoader.java:306)
	at org.springframework.web.context.ContextLoaderListener.contextInitialized(ContextLoaderListener.java:106)
	at org.apache.catalina.core.StandardContext.listenerStart(StandardContext.java:4939)
	at org.apache.catalina.core.StandardContext.startInternal(StandardContext.java:5434)
	at org.apache.catalina.util.LifecycleBase.start(LifecycleBase.java:150)
	at org.apache.catalina.core.ContainerBase$StartChild.call(ContainerBase.java:1559)
	at org.apache.catalina.core.ContainerBase$StartChild.call(ContainerBase.java:1549)
	at java.util.concurrent.FutureTask.run(FutureTask.java:266)
	at java.util.concurrent.ThreadPoolExecutor.runWorker(ThreadPoolExecutor.java:1142)
	at java.util.concurrent.ThreadPoolExecutor$Worker.run(ThreadPoolExecutor.java:617)
	at java.lang.Thread.run(Thread.java:745)
Caused by: java.lang.ClassNotFoundException: com.mchange.v2.c3p0.ComboPooledDataSource
	at org.apache.catalina.loader.WebappClassLoader.loadClass(WebappClassLoader.java:1702)
	at org.apache.catalina.loader.WebappClassLoader.loadClass(WebappClassLoader.java:1547)
	at org.springframework.util.ClassUtils.forName(ClassUtils.java:236)
	at org.springframework.beans.factory.support.AbstractBeanDefinition.resolveBeanClass(AbstractBeanDefinition.java:392)
	at org.springframework.beans.factory.support.AbstractBeanFactory.doResolveBeanClass(AbstractBeanFactory.java:1348)
	at org.springframework.beans.factory.support.AbstractBeanFactory.resolveBeanClass(AbstractBeanFactory.java:1319)
	... 18 more
[INFO] [2016-09-18 16:35:48][org.springframework.web.context.ContextLoader]Root WebApplicationContext: initialization started
[INFO] [2016-09-18 16:35:48][org.springframework.web.context.support.XmlWebApplicationContext]Refreshing Root WebApplicationContext: startup date [Sun Sep 18 16:35:48 CST 2016]; root of context hierarchy
[INFO] [2016-09-18 16:35:48][org.springframework.beans.factory.xml.XmlBeanDefinitionReader]Loading XML bean definitions from class path resource [spring.xml]
[INFO] [2016-09-18 16:35:51][org.springframework.beans.factory.xml.XmlBeanDefinitionReader]Loading XML bean definitions from class path resource [spring-hibernate.xml]
[INFO] [2016-09-18 16:35:53][org.springframework.context.support.PropertySourcesPlaceholderConfigurer]Loading properties file from class path resource [hibernate.properties]
[INFO] [2016-09-18 16:35:53][org.springframework.beans.factory.annotation.AutowiredAnnotationBeanPostProcessor]JSR-330 'javax.inject.Inject' annotation found and supported for autowiring
[INFO] [2016-09-18 16:35:53][com.mchange.v2.log.MLog]MLog clients using slf4j logging.
[INFO] [2016-09-18 16:35:53][com.mchange.v2.c3p0.C3P0Registry]Initializing c3p0-0.9.5.2 [built 08-December-2015 22:06:04 -0800; debug? true; trace: 10]
[INFO] [2016-09-18 16:35:53][org.hibernate.Version]HHH000412: Hibernate Core {5.2.2.Final}
[INFO] [2016-09-18 16:35:53][org.hibernate.cfg.Environment]HHH000205: Loaded properties from resource hibernate.properties: {jdbc.password=, hibernate.cache.use_query_cache=true, hibernate.dialect=org.hibernate.dialect.MySQLDialect, hibernate.cache.provider_configuration_file_resource_path=ehcache.xml, hibernate.cache.use_second_level_cache=true, hibernate.format_sql=false, hibernate.cache.region.factory_class=org.hibernate.cache.ehcache.EhCacheRegionFactory, jdbc.url=jdbc:mysql://localhost:3306/work?useUnicode=true&amp;characterEncoding=utf-8, hibernate.hbm2ddl.auto=update, hibernate.bytecode.use_reflection_optimizer=false, hibernate.show_sql=true, jdbc.driver=com.mysql.jdbc.Driver, jdbc.username=root}
[INFO] [2016-09-18 16:35:53][org.hibernate.cfg.Environment]HHH000021: Bytecode provider name : javassist
[INFO] [2016-09-18 16:35:53][org.hibernate.annotations.common.Version]HCANN000001: Hibernate Commons Annotations {5.0.1.Final}
[INFO] [2016-09-18 16:35:53][com.mchange.v2.c3p0.impl.AbstractPoolBackedDataSource]Initializing c3p0 pool... com.mchange.v2.c3p0.ComboPooledDataSource [ acquireIncrement -> 5, acquireRetryAttempts -> 30, acquireRetryDelay -> 1000, autoCommitOnClose -> false, automaticTestTable -> null, breakAfterAcquireFailure -> false, checkoutTimeout -> 30000, connectionCustomizerClassName -> null, connectionTesterClassName -> com.mchange.v2.c3p0.impl.DefaultConnectionTester, contextClassLoaderSource -> caller, dataSourceName -> 2u8k2f9jgrowsn1ovrkdl|74280815, debugUnreturnedConnectionStackTraces -> false, description -> null, driverClass -> com.mysql.jdbc.Driver, extensions -> {}, factoryClassLocation -> null, forceIgnoreUnresolvedTransactions -> false, forceSynchronousCheckins -> false, forceUseNamedDriverClass -> false, identityToken -> 2u8k2f9jgrowsn1ovrkdl|74280815, idleConnectionTestPeriod -> 30, initialPoolSize -> 5, jdbcUrl -> jdbc:mysql://localhost:3306/work?useUnicode=true&amp;characterEncoding=utf-8, maxAdministrativeTaskTime -> 0, maxConnectionAge -> 0, maxIdleTime -> 30, maxIdleTimeExcessConnections -> 0, maxPoolSize -> 20, maxStatements -> 0, maxStatementsPerConnection -> 0, minPoolSize -> 5, numHelperThreads -> 3, preferredTestQuery -> null, privilegeSpawnedThreads -> false, properties -> {user=******, password=******}, propertyCycle -> 0, statementCacheNumDeferredCloseThreads -> 0, testConnectionOnCheckin -> false, testConnectionOnCheckout -> false, unreturnedConnectionTimeout -> 0, userOverrides -> {}, usesTraditionalReflectiveProxies -> false ]
[INFO] [2016-09-18 16:35:54][org.hibernate.dialect.Dialect]HHH000400: Using dialect: org.hibernate.dialect.MySQLDialect
[WARN] [2016-09-18 16:35:55][org.hibernate.cache.ehcache.AbstractEhcacheRegionFactory]HHH020003: Could not find a specific ehcache configuration for cache named [org.hibernate.cache.spi.UpdateTimestampsCache]; using defaults.
[INFO] [2016-09-18 16:35:55][org.hibernate.cache.spi.UpdateTimestampsCache]HHH000250: Starting update timestamps cache at region: org.hibernate.cache.spi.UpdateTimestampsCache
[WARN] [2016-09-18 16:35:55][org.hibernate.cache.ehcache.AbstractEhcacheRegionFactory]HHH020003: Could not find a specific ehcache configuration for cache named [org.hibernate.cache.internal.StandardQueryCache]; using defaults.
[INFO] [2016-09-18 16:35:55][org.hibernate.cache.internal.StandardQueryCache]HHH000248: Starting query cache at region: org.hibernate.cache.internal.StandardQueryCache
[INFO] [2016-09-18 16:35:55][org.hibernate.validator.internal.util.Version]HV000001: Hibernate Validator 5.1.3.Final
[INFO] [2016-09-18 16:35:55][org.springframework.web.context.ContextLoader]Root WebApplicationContext: initialization completed in 6703 ms
[INFO] [2016-09-18 16:35:55][org.springframework.web.servlet.DispatcherServlet]FrameworkServlet 'SpringMVC': initialization started
[INFO] [2016-09-18 16:35:55][org.springframework.web.context.support.XmlWebApplicationContext]Refreshing WebApplicationContext for namespace 'SpringMVC-servlet': startup date [Sun Sep 18 16:35:55 CST 2016]; parent: Root WebApplicationContext
[INFO] [2016-09-18 16:35:55][org.springframework.beans.factory.xml.XmlBeanDefinitionReader]Loading XML bean definitions from class path resource [spring-mvc.xml]
[INFO] [2016-09-18 16:35:55][org.springframework.beans.factory.annotation.AutowiredAnnotationBeanPostProcessor]JSR-330 'javax.inject.Inject' annotation found and supported for autowiring
[INFO] [2016-09-18 16:35:56][org.springframework.web.servlet.handler.SimpleUrlHandlerMapping]Mapped URL path [/**] onto handler 'org.springframework.web.servlet.resource.DefaultServletHttpRequestHandler#0'
[INFO] [2016-09-18 16:35:56][org.springframework.web.servlet.DispatcherServlet]FrameworkServlet 'SpringMVC': initialization completed in 905 ms
[INFO] [2016-09-18 17:10:30][org.springframework.beans.factory.xml.XmlBeanDefinitionReader]Loading XML bean definitions from class path resource [spring.xml]
[INFO] [2016-09-18 17:10:32][org.springframework.beans.factory.xml.XmlBeanDefinitionReader]Loading XML bean definitions from class path resource [spring-hibernate.xml]
[INFO] [2016-09-18 17:10:34][org.springframework.context.support.GenericApplicationContext]Refreshing org.springframework.context.support.GenericApplicationContext@3551a94: startup date [Sun Sep 18 17:10:34 CST 2016]; root of context hierarchy
[INFO] [2016-09-18 17:10:34][org.springframework.context.support.PropertySourcesPlaceholderConfigurer]Loading properties file from class path resource [hibernate.properties]
[INFO] [2016-09-18 17:10:34][org.springframework.beans.factory.annotation.AutowiredAnnotationBeanPostProcessor]JSR-330 'javax.inject.Inject' annotation found and supported for autowiring
[INFO] [2016-09-18 17:10:34][com.mchange.v2.log.MLog]MLog clients using slf4j logging.
[INFO] [2016-09-18 17:10:34][com.mchange.v2.c3p0.C3P0Registry]Initializing c3p0-0.9.5.2 [built 08-December-2015 22:06:04 -0800; debug? true; trace: 10]
[INFO] [2016-09-18 17:10:35][org.hibernate.Version]HHH000412: Hibernate Core {5.2.2.Final}
[INFO] [2016-09-18 17:10:35][org.hibernate.cfg.Environment]HHH000205: Loaded properties from resource hibernate.properties: {jdbc.password=, hibernate.cache.use_query_cache=true, hibernate.dialect=org.hibernate.dialect.MySQLDialect, hibernate.cache.provider_configuration_file_resource_path=ehcache.xml, hibernate.cache.use_second_level_cache=true, hibernate.format_sql=false, hibernate.cache.region.factory_class=org.hibernate.cache.ehcache.EhCacheRegionFactory, jdbc.url=jdbc:mysql://localhost:3306/test?useUnicode=true&amp;characterEncoding=utf-8, hibernate.hbm2ddl.auto=update, hibernate.bytecode.use_reflection_optimizer=false, hibernate.show_sql=true, jdbc.driver=com.mysql.jdbc.Driver, jdbc.username=root}
[INFO] [2016-09-18 17:10:35][org.hibernate.cfg.Environment]HHH000021: Bytecode provider name : javassist
[INFO] [2016-09-18 17:10:35][org.hibernate.annotations.common.Version]HCANN000001: Hibernate Commons Annotations {5.0.1.Final}
[INFO] [2016-09-18 17:10:36][com.mchange.v2.c3p0.impl.AbstractPoolBackedDataSource]Initializing c3p0 pool... com.mchange.v2.c3p0.ComboPooledDataSource [ acquireIncrement -> 5, acquireRetryAttempts -> 30, acquireRetryDelay -> 1000, autoCommitOnClose -> false, automaticTestTable -> null, breakAfterAcquireFailure -> false, checkoutTimeout -> 30000, connectionCustomizerClassName -> null, connectionTesterClassName -> com.mchange.v2.c3p0.impl.DefaultConnectionTester, contextClassLoaderSource -> caller, dataSourceName -> 2u8k2f9jgsxitt436q0f|515aebb0, debugUnreturnedConnectionStackTraces -> false, description -> null, driverClass -> com.mysql.jdbc.Driver, extensions -> {}, factoryClassLocation -> null, forceIgnoreUnresolvedTransactions -> false, forceSynchronousCheckins -> false, forceUseNamedDriverClass -> false, identityToken -> 2u8k2f9jgsxitt436q0f|515aebb0, idleConnectionTestPeriod -> 30, initialPoolSize -> 5, jdbcUrl -> jdbc:mysql://localhost:3306/test?useUnicode=true&amp;characterEncoding=utf-8, maxAdministrativeTaskTime -> 0, maxConnectionAge -> 0, maxIdleTime -> 30, maxIdleTimeExcessConnections -> 0, maxPoolSize -> 20, maxStatements -> 0, maxStatementsPerConnection -> 0, minPoolSize -> 5, numHelperThreads -> 3, preferredTestQuery -> null, privilegeSpawnedThreads -> false, properties -> {user=******, password=******}, propertyCycle -> 0, statementCacheNumDeferredCloseThreads -> 0, testConnectionOnCheckin -> false, testConnectionOnCheckout -> false, unreturnedConnectionTimeout -> 0, userOverrides -> {}, usesTraditionalReflectiveProxies -> false ]
[INFO] [2016-09-18 17:10:36][org.hibernate.dialect.Dialect]HHH000400: Using dialect: org.hibernate.dialect.MySQLDialect
[WARN] [2016-09-18 17:10:37][org.hibernate.cache.ehcache.AbstractEhcacheRegionFactory]HHH020003: Could not find a specific ehcache configuration for cache named [org.hibernate.cache.spi.UpdateTimestampsCache]; using defaults.
[INFO] [2016-09-18 17:10:37][org.hibernate.cache.spi.UpdateTimestampsCache]HHH000250: Starting update timestamps cache at region: org.hibernate.cache.spi.UpdateTimestampsCache
[WARN] [2016-09-18 17:10:37][org.hibernate.cache.ehcache.AbstractEhcacheRegionFactory]HHH020003: Could not find a specific ehcache configuration for cache named [org.hibernate.cache.internal.StandardQueryCache]; using defaults.
[INFO] [2016-09-18 17:10:37][org.hibernate.cache.internal.StandardQueryCache]HHH000248: Starting query cache at region: org.hibernate.cache.internal.StandardQueryCache
[INFO] [2016-09-18 17:10:37][org.hibernate.validator.internal.util.Version]HV000001: Hibernate Validator 5.1.3.Final
[INFO] [2016-09-18 17:10:38][org.springframework.context.support.GenericApplicationContext]Closing org.springframework.context.support.GenericApplicationContext@3551a94: startup date [Sun Sep 18 17:10:34 CST 2016]; root of context hierarchy
[INFO] [2016-09-18 17:14:59][org.springframework.beans.factory.xml.XmlBeanDefinitionReader]Loading XML bean definitions from class path resource [spring.xml]
[INFO] [2016-09-18 17:15:01][org.springframework.beans.factory.xml.XmlBeanDefinitionReader]Loading XML bean definitions from class path resource [spring-hibernate.xml]
[INFO] [2016-09-18 17:15:03][org.springframework.context.support.GenericApplicationContext]Refreshing org.springframework.context.support.GenericApplicationContext@3551a94: startup date [Sun Sep 18 17:15:03 CST 2016]; root of context hierarchy
[INFO] [2016-09-18 17:15:03][org.springframework.context.support.PropertySourcesPlaceholderConfigurer]Loading properties file from class path resource [hibernate.properties]
[INFO] [2016-09-18 17:15:03][org.springframework.beans.factory.annotation.AutowiredAnnotationBeanPostProcessor]JSR-330 'javax.inject.Inject' annotation found and supported for autowiring
[INFO] [2016-09-18 17:15:03][com.mchange.v2.log.MLog]MLog clients using slf4j logging.
[INFO] [2016-09-18 17:15:03][com.mchange.v2.c3p0.C3P0Registry]Initializing c3p0-0.9.5.2 [built 08-December-2015 22:06:04 -0800; debug? true; trace: 10]
[INFO] [2016-09-18 17:15:04][org.hibernate.Version]HHH000412: Hibernate Core {5.2.2.Final}
[INFO] [2016-09-18 17:15:04][org.hibernate.cfg.Environment]HHH000205: Loaded properties from resource hibernate.properties: {jdbc.password=, hibernate.cache.use_query_cache=true, hibernate.dialect=org.hibernate.dialect.MySQLDialect, hibernate.cache.provider_configuration_file_resource_path=ehcache.xml, hibernate.cache.use_second_level_cache=true, hibernate.format_sql=false, hibernate.cache.region.factory_class=org.hibernate.cache.ehcache.EhCacheRegionFactory, jdbc.url=jdbc:mysql://localhost:3306/test?useUnicode=true&amp;characterEncoding=utf-8, hibernate.hbm2ddl.auto=update, hibernate.bytecode.use_reflection_optimizer=false, hibernate.show_sql=true, jdbc.driver=com.mysql.jdbc.Driver, jdbc.username=root}
[INFO] [2016-09-18 17:15:04][org.hibernate.cfg.Environment]HHH000021: Bytecode provider name : javassist
[INFO] [2016-09-18 17:15:04][org.hibernate.annotations.common.Version]HCANN000001: Hibernate Commons Annotations {5.0.1.Final}
[INFO] [2016-09-18 17:15:04][com.mchange.v2.c3p0.impl.AbstractPoolBackedDataSource]Initializing c3p0 pool... com.mchange.v2.c3p0.ComboPooledDataSource [ acquireIncrement -> 5, acquireRetryAttempts -> 30, acquireRetryDelay -> 1000, autoCommitOnClose -> false, automaticTestTable -> null, breakAfterAcquireFailure -> false, checkoutTimeout -> 30000, connectionCustomizerClassName -> null, connectionTesterClassName -> com.mchange.v2.c3p0.impl.DefaultConnectionTester, contextClassLoaderSource -> caller, dataSourceName -> 2u8k2f9jgt3act1e572am|515aebb0, debugUnreturnedConnectionStackTraces -> false, description -> null, driverClass -> com.mysql.jdbc.Driver, extensions -> {}, factoryClassLocation -> null, forceIgnoreUnresolvedTransactions -> false, forceSynchronousCheckins -> false, forceUseNamedDriverClass -> false, identityToken -> 2u8k2f9jgt3act1e572am|515aebb0, idleConnectionTestPeriod -> 30, initialPoolSize -> 5, jdbcUrl -> jdbc:mysql://localhost:3306/test?useUnicode=true&amp;characterEncoding=utf-8, maxAdministrativeTaskTime -> 0, maxConnectionAge -> 0, maxIdleTime -> 30, maxIdleTimeExcessConnections -> 0, maxPoolSize -> 20, maxStatements -> 0, maxStatementsPerConnection -> 0, minPoolSize -> 5, numHelperThreads -> 3, preferredTestQuery -> null, privilegeSpawnedThreads -> false, properties -> {user=******, password=******}, propertyCycle -> 0, statementCacheNumDeferredCloseThreads -> 0, testConnectionOnCheckin -> false, testConnectionOnCheckout -> false, unreturnedConnectionTimeout -> 0, userOverrides -> {}, usesTraditionalReflectiveProxies -> false ]
[INFO] [2016-09-18 17:15:04][org.hibernate.dialect.Dialect]HHH000400: Using dialect: org.hibernate.dialect.MySQLDialect
[WARN] [2016-09-18 17:15:05][org.hibernate.cache.ehcache.AbstractEhcacheRegionFactory]HHH020003: Could not find a specific ehcache configuration for cache named [org.hibernate.cache.spi.UpdateTimestampsCache]; using defaults.
[INFO] [2016-09-18 17:15:05][org.hibernate.cache.spi.UpdateTimestampsCache]HHH000250: Starting update timestamps cache at region: org.hibernate.cache.spi.UpdateTimestampsCache
[WARN] [2016-09-18 17:15:05][org.hibernate.cache.ehcache.AbstractEhcacheRegionFactory]HHH020003: Could not find a specific ehcache configuration for cache named [org.hibernate.cache.internal.StandardQueryCache]; using defaults.
[INFO] [2016-09-18 17:15:05][org.hibernate.cache.internal.StandardQueryCache]HHH000248: Starting query cache at region: org.hibernate.cache.internal.StandardQueryCache
[INFO] [2016-09-18 17:15:05][org.hibernate.validator.internal.util.Version]HV000001: Hibernate Validator 5.1.3.Final
[INFO] [2016-09-18 17:15:06][org.springframework.context.support.GenericApplicationContext]Closing org.springframework.context.support.GenericApplicationContext@3551a94: startup date [Sun Sep 18 17:15:03 CST 2016]; root of context hierarchy
[INFO] [2016-09-18 17:17:05][org.springframework.beans.factory.xml.XmlBeanDefinitionReader]Loading XML bean definitions from class path resource [spring.xml]
[INFO] [2016-09-18 17:17:07][org.springframework.beans.factory.xml.XmlBeanDefinitionReader]Loading XML bean definitions from class path resource [spring-hibernate.xml]
[INFO] [2016-09-18 17:17:10][org.springframework.context.support.GenericApplicationContext]Refreshing org.springframework.context.support.GenericApplicationContext@3551a94: startup date [Sun Sep 18 17:17:10 CST 2016]; root of context hierarchy
[INFO] [2016-09-18 17:17:10][org.springframework.context.support.PropertySourcesPlaceholderConfigurer]Loading properties file from class path resource [hibernate.properties]
[INFO] [2016-09-18 17:17:10][org.springframework.beans.factory.annotation.AutowiredAnnotationBeanPostProcessor]JSR-330 'javax.inject.Inject' annotation found and supported for autowiring
[INFO] [2016-09-18 17:17:11][com.mchange.v2.log.MLog]MLog clients using slf4j logging.
[INFO] [2016-09-18 17:17:11][com.mchange.v2.c3p0.C3P0Registry]Initializing c3p0-0.9.5.2 [built 08-December-2015 22:06:04 -0800; debug? true; trace: 10]
[INFO] [2016-09-18 17:17:11][org.hibernate.Version]HHH000412: Hibernate Core {5.2.2.Final}
[INFO] [2016-09-18 17:17:11][org.hibernate.cfg.Environment]HHH000205: Loaded properties from resource hibernate.properties: {jdbc.password=, hibernate.cache.use_query_cache=true, hibernate.dialect=org.hibernate.dialect.MySQLDialect, hibernate.cache.provider_configuration_file_resource_path=ehcache.xml, hibernate.cache.use_second_level_cache=true, hibernate.format_sql=false, hibernate.cache.region.factory_class=org.hibernate.cache.ehcache.EhCacheRegionFactory, jdbc.url=jdbc:mysql://localhost:3306/test?useUnicode=true&amp;characterEncoding=utf-8, hibernate.hbm2ddl.auto=update, hibernate.bytecode.use_reflection_optimizer=false, hibernate.show_sql=true, jdbc.driver=com.mysql.jdbc.Driver, jdbc.username=root}
[INFO] [2016-09-18 17:17:11][org.hibernate.cfg.Environment]HHH000021: Bytecode provider name : javassist
[INFO] [2016-09-18 17:17:12][org.hibernate.annotations.common.Version]HCANN000001: Hibernate Commons Annotations {5.0.1.Final}
[INFO] [2016-09-18 17:17:12][com.mchange.v2.c3p0.impl.AbstractPoolBackedDataSource]Initializing c3p0 pool... com.mchange.v2.c3p0.ComboPooledDataSource [ acquireIncrement -> 5, acquireRetryAttempts -> 30, acquireRetryDelay -> 1000, autoCommitOnClose -> false, automaticTestTable -> null, breakAfterAcquireFailure -> false, checkoutTimeout -> 30000, connectionCustomizerClassName -> null, connectionTesterClassName -> com.mchange.v2.c3p0.impl.DefaultConnectionTester, contextClassLoaderSource -> caller, dataSourceName -> 2u8k2f9jgt60t414dh30u|7eac9008, debugUnreturnedConnectionStackTraces -> false, description -> null, driverClass -> com.mysql.jdbc.Driver, extensions -> {}, factoryClassLocation -> null, forceIgnoreUnresolvedTransactions -> false, forceSynchronousCheckins -> false, forceUseNamedDriverClass -> false, identityToken -> 2u8k2f9jgt60t414dh30u|7eac9008, idleConnectionTestPeriod -> 30, initialPoolSize -> 5, jdbcUrl -> jdbc:mysql://localhost:3306/test?useUnicode=true&amp;characterEncoding=utf-8, maxAdministrativeTaskTime -> 0, maxConnectionAge -> 0, maxIdleTime -> 30, maxIdleTimeExcessConnections -> 0, maxPoolSize -> 20, maxStatements -> 0, maxStatementsPerConnection -> 0, minPoolSize -> 5, numHelperThreads -> 3, preferredTestQuery -> null, privilegeSpawnedThreads -> false, properties -> {user=******, password=******}, propertyCycle -> 0, statementCacheNumDeferredCloseThreads -> 0, testConnectionOnCheckin -> false, testConnectionOnCheckout -> false, unreturnedConnectionTimeout -> 0, userOverrides -> {}, usesTraditionalReflectiveProxies -> false ]
[INFO] [2016-09-18 17:17:12][org.hibernate.dialect.Dialect]HHH000400: Using dialect: org.hibernate.dialect.MySQLDialect
[WARN] [2016-09-18 17:17:13][org.hibernate.cache.ehcache.AbstractEhcacheRegionFactory]HHH020003: Could not find a specific ehcache configuration for cache named [org.hibernate.cache.spi.UpdateTimestampsCache]; using defaults.
[INFO] [2016-09-18 17:17:13][org.hibernate.cache.spi.UpdateTimestampsCache]HHH000250: Starting update timestamps cache at region: org.hibernate.cache.spi.UpdateTimestampsCache
[WARN] [2016-09-18 17:17:13][org.hibernate.cache.ehcache.AbstractEhcacheRegionFactory]HHH020003: Could not find a specific ehcache configuration for cache named [org.hibernate.cache.internal.StandardQueryCache]; using defaults.
[INFO] [2016-09-18 17:17:13][org.hibernate.cache.internal.StandardQueryCache]HHH000248: Starting query cache at region: org.hibernate.cache.internal.StandardQueryCache
[INFO] [2016-09-18 17:17:13][org.hibernate.validator.internal.util.Version]HV000001: Hibernate Validator 5.1.3.Final
[INFO] [2016-09-18 17:17:14][org.springframework.context.support.GenericApplicationContext]Closing org.springframework.context.support.GenericApplicationContext@3551a94: startup date [Sun Sep 18 17:17:10 CST 2016]; root of context hierarchy
[INFO] [2016-09-18 17:18:17][org.springframework.beans.factory.xml.XmlBeanDefinitionReader]Loading XML bean definitions from class path resource [spring.xml]
[INFO] [2016-09-18 17:18:20][org.springframework.beans.factory.xml.XmlBeanDefinitionReader]Loading XML bean definitions from class path resource [spring-hibernate.xml]
[INFO] [2016-09-18 17:18:22][org.springframework.context.support.GenericApplicationContext]Refreshing org.springframework.context.support.GenericApplicationContext@3551a94: startup date [Sun Sep 18 17:18:22 CST 2016]; root of context hierarchy
[INFO] [2016-09-18 17:18:22][org.springframework.context.support.PropertySourcesPlaceholderConfigurer]Loading properties file from class path resource [hibernate.properties]
[INFO] [2016-09-18 17:18:22][org.springframework.beans.factory.annotation.AutowiredAnnotationBeanPostProcessor]JSR-330 'javax.inject.Inject' annotation found and supported for autowiring
[INFO] [2016-09-18 17:18:23][com.mchange.v2.log.MLog]MLog clients using slf4j logging.
[INFO] [2016-09-18 17:18:23][com.mchange.v2.c3p0.C3P0Registry]Initializing c3p0-0.9.5.2 [built 08-December-2015 22:06:04 -0800; debug? true; trace: 10]
[INFO] [2016-09-18 17:18:23][org.hibernate.Version]HHH000412: Hibernate Core {5.2.2.Final}
[INFO] [2016-09-18 17:18:23][org.hibernate.cfg.Environment]HHH000205: Loaded properties from resource hibernate.properties: {jdbc.password=, hibernate.cache.use_query_cache=true, hibernate.dialect=org.hibernate.dialect.MySQLDialect, hibernate.cache.provider_configuration_file_resource_path=ehcache.xml, hibernate.cache.use_second_level_cache=true, hibernate.format_sql=false, hibernate.cache.region.factory_class=org.hibernate.cache.ehcache.EhCacheRegionFactory, jdbc.url=jdbc:mysql://localhost:3306/test?useUnicode=true&amp;characterEncoding=utf-8, hibernate.hbm2ddl.auto=update, hibernate.bytecode.use_reflection_optimizer=false, hibernate.show_sql=true, jdbc.driver=com.mysql.jdbc.Driver, jdbc.username=root}
[INFO] [2016-09-18 17:18:23][org.hibernate.cfg.Environment]HHH000021: Bytecode provider name : javassist
[INFO] [2016-09-18 17:18:23][org.hibernate.annotations.common.Version]HCANN000001: Hibernate Commons Annotations {5.0.1.Final}
[INFO] [2016-09-18 17:18:23][com.mchange.v2.c3p0.impl.AbstractPoolBackedDataSource]Initializing c3p0 pool... com.mchange.v2.c3p0.ComboPooledDataSource [ acquireIncrement -> 5, acquireRetryAttempts -> 30, acquireRetryDelay -> 1000, autoCommitOnClose -> false, automaticTestTable -> null, breakAfterAcquireFailure -> false, checkoutTimeout -> 30000, connectionCustomizerClassName -> null, connectionTesterClassName -> com.mchange.v2.c3p0.impl.DefaultConnectionTester, contextClassLoaderSource -> caller, dataSourceName -> 2u8k2f9jgt7kd01hjqvdz|45c7e403, debugUnreturnedConnectionStackTraces -> false, description -> null, driverClass -> com.mysql.jdbc.Driver, extensions -> {}, factoryClassLocation -> null, forceIgnoreUnresolvedTransactions -> false, forceSynchronousCheckins -> false, forceUseNamedDriverClass -> false, identityToken -> 2u8k2f9jgt7kd01hjqvdz|45c7e403, idleConnectionTestPeriod -> 30, initialPoolSize -> 5, jdbcUrl -> jdbc:mysql://localhost:3306/test?useUnicode=true&amp;characterEncoding=utf-8, maxAdministrativeTaskTime -> 0, maxConnectionAge -> 0, maxIdleTime -> 30, maxIdleTimeExcessConnections -> 0, maxPoolSize -> 20, maxStatements -> 0, maxStatementsPerConnection -> 0, minPoolSize -> 5, numHelperThreads -> 3, preferredTestQuery -> null, privilegeSpawnedThreads -> false, properties -> {user=******, password=******}, propertyCycle -> 0, statementCacheNumDeferredCloseThreads -> 0, testConnectionOnCheckin -> false, testConnectionOnCheckout -> false, unreturnedConnectionTimeout -> 0, userOverrides -> {}, usesTraditionalReflectiveProxies -> false ]
[INFO] [2016-09-18 17:18:24][org.hibernate.dialect.Dialect]HHH000400: Using dialect: org.hibernate.dialect.MySQLDialect
[WARN] [2016-09-18 17:18:25][org.hibernate.cache.ehcache.AbstractEhcacheRegionFactory]HHH020003: Could not find a specific ehcache configuration for cache named [org.hibernate.cache.spi.UpdateTimestampsCache]; using defaults.
[INFO] [2016-09-18 17:18:25][org.hibernate.cache.spi.UpdateTimestampsCache]HHH000250: Starting update timestamps cache at region: org.hibernate.cache.spi.UpdateTimestampsCache
[WARN] [2016-09-18 17:18:25][org.hibernate.cache.ehcache.AbstractEhcacheRegionFactory]HHH020003: Could not find a specific ehcache configuration for cache named [org.hibernate.cache.internal.StandardQueryCache]; using defaults.
[INFO] [2016-09-18 17:18:25][org.hibernate.cache.internal.StandardQueryCache]HHH000248: Starting query cache at region: org.hibernate.cache.internal.StandardQueryCache
[INFO] [2016-09-18 17:18:25][org.hibernate.validator.internal.util.Version]HV000001: Hibernate Validator 5.1.3.Final
[INFO] [2016-09-18 17:18:26][org.springframework.context.support.GenericApplicationContext]Closing org.springframework.context.support.GenericApplicationContext@3551a94: startup date [Sun Sep 18 17:18:22 CST 2016]; root of context hierarchy
